11:38:19.625 [main                     ] DEBUG Logger               - Configured Logger
11:38:19.652 [main                     ] DEBUG GameApplication      - Logging settings
Title: Ojakkala Adventure Game
Version: 0.0
Width: 800
Height: 600
Fullscreen: true
Intro: false
Profiling: false
Single step:false
App Mode: DEVELOPER
Menu Key: ESCAPE
Stage Style: DECORATED
Scene Factory: class com.almasb.fxgl.app.scene.SceneFactory

11:38:20.279 [JavaFX Application Thread] DEBUG FXGLApplication      - Initializing FXGL
11:38:20.282 [JavaFX Application Thread] INFO  Engine               - FXGL-11.17 (16.07.2021 15.46) on WINDOWS (J:15.0.1 FX:16)
11:38:20.282 [JavaFX Application Thread] DEBUG Engine               - JRE Vendor Name: Oracle Corporation
11:38:20.283 [JavaFX Application Thread] DEBUG Engine               - Running on OS: Windows 10 version 10.0
11:38:20.283 [JavaFX Application Thread] DEBUG Engine               - Architecture: amd64
11:38:20.283 [JavaFX Application Thread] INFO  Engine               - Source code and latest versions at: https://github.com/AlmasB/FXGL
11:38:20.283 [JavaFX Application Thread] INFO  Engine               -              Join the FXGL chat at: https://gitter.im/AlmasB/FXGL
11:38:20.452 [JavaFX Application Thread] DEBUG PrimaryStageWindow   - Creating a JavaFX scene
11:38:20.530 [JavaFX Application Thread] DEBUG PrimaryStageWindow   - Target settings size: 800.0 x 600.0
11:38:20.530 [JavaFX Application Thread] DEBUG PrimaryStageWindow   - Scaled scene size:    800.0 x 600.0
11:38:20.531 [JavaFX Application Thread] DEBUG PrimaryStageWindow   - Scaled ratio: (1.0, 1.0)
11:38:20.532 [JavaFX Application Thread] DEBUG PrimaryStageWindow   - Set initial scene to FXGLStartupScene
11:38:20.554 [JavaFX Application Thread] DEBUG PrimaryStageWindow   - Opening main window
11:38:20.678 [JavaFX Application Thread] DEBUG PrimaryStageWindow   - Window border size: (14.4000244140625, 37.5999755859375)
11:38:20.678 [JavaFX Application Thread] DEBUG PrimaryStageWindow   - Scaled size: 800.0 x 600.0
11:38:20.678 [JavaFX Application Thread] DEBUG PrimaryStageWindow   - Scaled ratio: (1.0, 1.0)
11:38:20.678 [JavaFX Application Thread] DEBUG PrimaryStageWindow   - Scene size: 800.0 x 600.0
11:38:20.679 [JavaFX Application Thread] DEBUG PrimaryStageWindow   - Stage size: 814.4000244140625 x 637.5999755859375
11:38:20.689 [FXGL Background Thread 1 ] DEBUG Engine               - Initializing environment variables
11:38:20.749 [FXGL Background Thread 1 ] DEBUG FXGLAssetLoaderServi - User app class for loading assets: class com.almasb.ojakkala.Adventure
11:38:20.749 [FXGL Background Thread 1 ] DEBUG GameApplicationServi - Applying CSS: fxgl_dark.css
11:38:20.751 [FXGL Background Thread 1 ] DEBUG FXGLAssetLoaderServi - Loading from file system: jar:file:/C:/Users/niilo/.m2/repository/com/github/almasb/fxgl/11.17/fxgl-11.17.jar!/fxglassets/ui/css/fxgl_dark.css
11:38:20.811 [FXGL Background Thread 1 ] DEBUG GameApplicationServi - Initializing application scenes
11:38:20.926 [FXGL Background Thread 1 ] DEBUG GameWorld            - Game world initialized
11:38:21.008 [FXGL Background Thread 1 ] DEBUG PhysicsWorld         - Physics world initialized: appHeight=600, physics.ppm=50,0
11:38:21.008 [FXGL Background Thread 1 ] DEBUG PhysicsWorld         - Using strategy: BRUTE_FORCE
11:38:21.012 [FXGL Background Thread 1 ] DEBUG GameScene            - Game scene initialized: 800x600
11:38:21.028 [FXGL Background Thread 1 ] DEBUG FXGL.DefaultMenu     - createMenuBodyGameMenu()
11:38:21.059 [FXGL Background Thread 1 ] DEBUG FXGL.DefaultMenu     - createOptionsMenu()
11:38:21.073 [FXGL Background Thread 1 ] DEBUG FXGLAssetLoaderServi - Loading from file system: jar:file:/C:/Users/niilo/.m2/repository/com/github/almasb/fxgl/11.17/fxgl-11.17.jar!/fxglassets/textures/particles/smoke.png
11:38:21.197 [FXGL Background Thread 1 ] DEBUG FXGLAssetLoaderServi - Loading from file system: jar:file:/C:/Users/niilo/.m2/repository/com/github/almasb/fxgl/11.17/fxgl-11.17.jar!/fxglassets/textures/particles/trace_horizontal.png
11:38:21.239 [FXGL Background Thread 1 ] DEBUG GameApplicationServi - Application scenes initialized
11:38:21.253 [FXGL Background Thread 1 ] DEBUG SystemBundleService  - Loading FXGL system data
11:38:21.258 [FXGL Background Thread 1 ] DEBUG FileSystemAccess     - Reading from: C:\Users\niilo\eclipse-workspace\AdventureOjakkala\system\fxgl.bundle
11:38:21.266 [FXGL Background Thread 1 ] DEBUG SystemBundleService  - Bundle FXGL: {}
11:38:21.267 [FXGL Background Thread 1 ] DEBUG UpdaterService       - Checking for updates
11:38:21.273 [FXGL Background Thread 4 ] DEBUG FXGLApplication      - Loading fonts
11:38:21.274 [FXGL Background Thread 4 ] DEBUG FXGLAssetLoaderServi - Loading from file system: jar:file:/C:/Users/niilo/.m2/repository/com/github/almasb/fxgl/11.17/fxgl-11.17.jar!/fxglassets/ui/fonts/VarelaRound-Regular.ttf
11:38:21.274 [FXGL Background Thread 1 ] DEBUG FXGLApplication      - Loading default localization
11:38:21.275 [FXGL Background Thread 1 ] DEBUG FXGLAssetLoaderServi - Loading from file system: jar:file:/C:/Users/niilo/.m2/repository/com/github/almasb/fxgl/11.17/fxgl-11.17.jar!/fxglassets/languages/english.lang
11:38:21.294 [FXGL Background Thread 1 ] INFO  FXGLApplication      - FXGL initialization took: 0,605 sec
11:38:21.308 [JavaFX Application Thread] DEBUG Input                - Registered new binding: action0 - W
11:38:21.309 [JavaFX Application Thread] DEBUG Input                - Registered new binding: action1 - S
11:38:21.310 [JavaFX Application Thread] DEBUG Input                - Registered new binding: action2 - A
11:38:21.311 [JavaFX Application Thread] DEBUG Input                - Registered new binding: action3 - D
11:38:21.313 [JavaFX Application Thread] DEBUG Input                - Registered new binding: action4 - LMB
11:38:21.314 [JavaFX Application Thread] WARN  FXGLAssetLoaderServi - Asset "/assets/textures/src/main/resources/textures/appicon.png" was not found!
11:38:21.314 [JavaFX Application Thread] WARN  FXGLAssetLoaderServi - Failed to load IMAGE
11:38:21.325 [JavaFX Application Thread] DEBUG FXGLAssetLoaderServi - Loading from file system: jar:file:/C:/Users/niilo/.m2/repository/com/github/almasb/fxgl/11.17/fxgl-11.17.jar!/fxglassets/textures/fxgl_default_cursor.png
11:38:21.329 [JavaFX Application Thread] DEBUG Input                - Registered new binding: Screenshot - CTRL+8
11:38:21.330 [JavaFX Application Thread] DEBUG Input                - Registered new binding: System info dump - CTRL+9
11:38:21.331 [JavaFX Application Thread] DEBUG Input                - Registered new binding: Restart - CTRL+R
11:38:21.332 [JavaFX Application Thread] DEBUG Input                - Registered new binding: Toggle Debug Camera - CTRL+C
11:38:21.336 [JavaFX Application Thread] DEBUG LoopRunner           - Starting loop
11:38:21.336 [JavaFX Application Thread] DEBUG LoopRunner           - Initializing JavaFX AnimationTimerLoop
11:38:21.338 [JavaFX Application Thread] DEBUG GameApplicationServi - Starting new game
11:38:21.339 [JavaFX Application Thread] DEBUG Input                - Clearing active input actions
11:38:21.352 [JavaFX Application Thread] DEBUG GameApplicationServi - Removing overlay from FXGLStartupScene and adding to FXGLLoadingScene
11:38:21.352 [JavaFX Application Thread] DEBUG PrimaryStageWindow   - FXGLStartupScene -> FXGLLoadingScene
11:38:21.353 [JavaFX Application Thread] DEBUG GameApplicationServi - Clearing previous game
11:38:21.353 [JavaFX Application Thread] DEBUG GameScene            - Clearing game scene
11:38:21.353 [JavaFX Application Thread] DEBUG GameWorld            - Clearing game world
11:38:21.353 [JavaFX Application Thread] DEBUG PhysicsWorld         - Clearing physics world
11:38:21.355 [FXGL Background Thread 1 ] DEBUG FXGLApplication      - Initializing game
11:38:21.358 [FXGL Background Thread 1 ] WARN  FXGLAssetLoaderServi - Asset "/assets/textures/appicon.png" was not found!
11:38:21.358 [FXGL Background Thread 1 ] WARN  FXGLAssetLoaderServi - Failed to load IMAGE
11:38:21.360 [FXGL Background Thread 4 ] DEBUG FXGLAssetLoaderServi - Loading from file system: jar:file:/C:/Users/niilo/.m2/repository/com/github/almasb/fxgl/11.17/fxgl-11.17.jar!/fxglassets/ui/fonts/Abel-Regular.ttf
11:38:21.392 [FXGL Background Thread 1 ] INFO  FXGLApplication      - Game initialization took: 0,037 sec
11:38:21.395 [FXGL Background Thread 4 ] DEBUG FXGLAssetLoaderServi - Loading from file system: jar:file:/C:/Users/niilo/.m2/repository/com/github/almasb/fxgl/11.17/fxgl-11.17.jar!/fxglassets/ui/fonts/lucida_console.ttf
11:38:21.412 [FXGL Background Thread 4 ] DEBUG FXGLAssetLoaderServi - Loading from file system: jar:file:/C:/Users/niilo/.m2/repository/com/github/almasb/fxgl/11.17/fxgl-11.17.jar!/fxglassets/ui/fonts/Courier-Prime.ttf
11:38:21.423 [JavaFX Application Thread] DEBUG Input                - Clearing active input actions
11:38:21.433 [JavaFX Application Thread] DEBUG GameApplicationServi - Removing overlay from FXGLLoadingScene and adding to GameScene
11:38:21.434 [JavaFX Application Thread] DEBUG PrimaryStageWindow   - FXGLLoadingScene -> GameScene
11:38:21.450 [JavaFX Application Thread] DEBUG LoopRunner           - Stopping loop
11:38:21.452 [JavaFX Application Thread] FATAL FXGLApplication      - Uncaught Exception:
java.lang.Error: Unresolved compilation problem: 
	var cannot be resolved to a type

	at com.almasb.ojakkala.Adventure.onUpdate(Adventure.java:104)
	at com.almasb.fxgl.app.FXGLApplication$GameApplicationService.onGameUpdate(FXGLApplication.kt:421)
	at com.almasb.fxgl.app.Engine.onGameUpdate(Engine.kt:137)
	at com.almasb.fxgl.app.FXGLApplication.postServicesInit$lambda-7(FXGLApplication.kt:182)
	at com.almasb.fxgl.scene.Scene.update(Scene.kt:113)
	at com.almasb.fxgl.app.MainWindow$update$1.invoke(MainWindow.kt:110)
	at com.almasb.fxgl.app.MainWindow$update$1.invoke(MainWindow.kt:110)
	at com.almasb.fxgl.core.fsm.StateMachine.runOnActiveStates(StateMachine.kt:69)
	at com.almasb.fxgl.app.MainWindow.update(MainWindow.kt:110)
	at com.almasb.fxgl.app.FXGLApplication$GameApplicationService.onUpdate(FXGLApplication.kt:426)
	at com.almasb.fxgl.app.Engine.loop(Engine.kt:133)
	at com.almasb.fxgl.app.Engine.access$loop(Engine.kt:24)
	at com.almasb.fxgl.app.Engine$loop$1.invoke(Engine.kt:28)
	at com.almasb.fxgl.app.Engine$loop$1.invoke(Engine.kt:28)
	at com.almasb.fxgl.app.LoopRunner.frame(LoopRunner.kt:103)
	at com.almasb.fxgl.app.LoopRunner.access$frame(LoopRunner.kt:23)
	at com.almasb.fxgl.app.LoopRunner$impl$2$1.onTick(LoopRunner.kt:57)
	at com.almasb.fxgl.app.AnimationTimerLoop$timer$1.handle(LoopRunner.kt:137)
	at javafx.animation.AnimationTimer$AnimationTimerReceiver.lambda$handle$0(AnimationTimer.java:57)
	at java.base/java.security.AccessController.doPrivileged(AccessController.java:391)
	at javafx.animation.AnimationTimer$AnimationTimerReceiver.handle(AnimationTimer.java:56)
	at com.sun.scenario.animation.AbstractPrimaryTimer.timePulseImpl(AbstractPrimaryTimer.java:356)
	at com.sun.scenario.animation.AbstractPrimaryTimer$MainLoop.run(AbstractPrimaryTimer.java:266)
	at com.sun.javafx.tk.quantum.QuantumToolkit.pulse(QuantumToolkit.java:559)
	at com.sun.javafx.tk.quantum.QuantumToolkit.pulse(QuantumToolkit.java:543)
	at com.sun.javafx.tk.quantum.QuantumToolkit.pulseFromQueue(QuantumToolkit.java:536)
	at com.sun.javafx.tk.quantum.QuantumToolkit.lambda$runToolkit$11(QuantumToolkit.java:342)
	at com.sun.glass.ui.InvokeLaterDispatcher$Future.run(InvokeLaterDispatcher.java:96)
	at com.sun.glass.ui.win.WinApplication._runLoop(Native Method)
	at com.sun.glass.ui.win.WinApplication.lambda$runLoop$3(WinApplication.java:174)
	at java.base/java.lang.Thread.run(Thread.java:832)

11:38:21.456 [JavaFX Application Thread] FATAL FXGLApplication      - Application will now exit
11:38:21.481 [JavaFX Application Thread] DEBUG PrimaryStageWindow   - Push state: ErrorSubScene
11:38:21.481 [JavaFX Application Thread] DEBUG Input                - Clearing active input actions
11:38:21.516 [JavaFX Application Thread] DEBUG GameApplicationServi - Removing overlay from GameScene and adding to ErrorSubScene
11:38:21.517 [JavaFX Application Thread] DEBUG PrimaryStageWindow   - GameScene -> ErrorSubScene
11:38:21.522 [JavaFX Application Thread] DEBUG FXGLApplication      - Registering font factories with UI factory
11:38:24.272 [FXGL Background Thread 3 ] DEBUG Engine               - Logging environment variables
11:38:24.273 [FXGL Background Thread 3 ] DEBUG Engine               - achievements: []
11:38:24.274 [FXGL Background Thread 3 ] DEBUG Engine               - actualHeight: 600.0
11:38:24.274 [FXGL Background Thread 3 ] DEBUG Engine               - actualHeightProperty: ReadOnlyDoubleProperty [value: 600.0]
11:38:24.275 [FXGL Background Thread 3 ] DEBUG Engine               - actualWidth: 800.0
11:38:24.275 [FXGL Background Thread 3 ] DEBUG Engine               - actualWidthProperty: ReadOnlyDoubleProperty [value: 800.0]
11:38:24.275 [FXGL Background Thread 3 ] DEBUG Engine               - appIcon: src/main/resources/textures/appicon.png
11:38:24.276 [FXGL Background Thread 3 ] DEBUG Engine               - applicationMode: DEVELOPER
11:38:24.276 [FXGL Background Thread 3 ] DEBUG Engine               - cSSList: [fxgl_dark.css]
11:38:24.276 [FXGL Background Thread 3 ] DEBUG Engine               - collisionDetectionStrategy: BRUTE_FORCE
11:38:24.277 [FXGL Background Thread 3 ] DEBUG Engine               - configClass: Optional.empty
11:38:24.277 [FXGL Background Thread 3 ] DEBUG Engine               - credits: []
11:38:24.277 [FXGL Background Thread 3 ] DEBUG Engine               - defaultCursor: CursorInfo(imageName=fxgl_default_cursor.png, hotspotX=7.0, hotspotY=6.0)
11:38:24.278 [FXGL Background Thread 3 ] DEBUG Engine               - devBBoxColorProperty: ObjectProperty [value: 0xff0000ff]
11:38:24.279 [FXGL Background Thread 3 ] DEBUG Engine               - devEnableDebugCameraProperty: BooleanProperty [value: false]
11:38:24.279 [FXGL Background Thread 3 ] DEBUG Engine               - devSensorColorProperty: ObjectProperty [value: 0xffff00ff]
11:38:24.280 [FXGL Background Thread 3 ] DEBUG Engine               - devShowBBoxProperty: BooleanProperty [value: false]
11:38:24.280 [FXGL Background Thread 3 ] DEBUG Engine               - devShowPositionProperty: BooleanProperty [value: false]
11:38:24.280 [FXGL Background Thread 3 ] DEBUG Engine               - enabledMenuItems: []
11:38:24.281 [FXGL Background Thread 3 ] DEBUG Engine               - engineServices: [class com.almasb.fxgl.app.services.FXGLAssetLoaderService, class com.almasb.fxgl.app.FXGLApplication$GameApplicationService, class com.almasb.fxgl.app.services.FXGLDialogService, class com.almasb.fxgl.app.services.IOTaskExecutorService, class com.almasb.fxgl.io.FileSystemService, class com.almasb.fxgl.localization.LocalizationService, class com.almasb.fxgl.app.services.SystemBundleService, class com.almasb.fxgl.profile.SaveLoadService, class com.almasb.fxgl.ui.FXGLUIFactoryServiceProvider, class com.almasb.fxgl.ui.FXGLDialogFactoryServiceProvider, class com.almasb.fxgl.audio.AudioPlayer, class com.almasb.fxgl.notification.impl.NotificationServiceProvider, class com.almasb.fxgl.achievement.AchievementService, class com.almasb.fxgl.cutscene.CutsceneService, class com.almasb.fxgl.minigames.MiniGameService, class com.almasb.fxgl.net.NetService, class com.almasb.fxgl.app.services.UpdaterService, class com.almasb.fxgl.dev.DevService]
11:38:24.281 [FXGL Background Thread 3 ] DEBUG Engine               - fontGame: Abel-Regular.ttf
11:38:24.281 [FXGL Background Thread 3 ] DEBUG Engine               - fontMono: lucida_console.ttf
11:38:24.282 [FXGL Background Thread 3 ] DEBUG Engine               - fontText: Courier-Prime.ttf
11:38:24.282 [FXGL Background Thread 3 ] DEBUG Engine               - fontUI: VarelaRound-Regular.ttf
11:38:24.282 [FXGL Background Thread 3 ] DEBUG Engine               - fullScreen: BooleanProperty [value: false]
11:38:24.282 [FXGL Background Thread 3 ] DEBUG Engine               - gameDifficulty: MEDIUM
11:38:24.283 [FXGL Background Thread 3 ] DEBUG Engine               - gameDifficultyProperty: ObjectProperty [value: MEDIUM]
11:38:24.284 [FXGL Background Thread 3 ] DEBUG Engine               - globalMusicVolume: 0.5
11:38:24.284 [FXGL Background Thread 3 ] DEBUG Engine               - globalMusicVolumeProperty: DoubleProperty [value: 0.5]
11:38:24.284 [FXGL Background Thread 3 ] DEBUG Engine               - globalSoundVolume: 0.5
11:38:24.285 [FXGL Background Thread 3 ] DEBUG Engine               - globalSoundVolumeProperty: DoubleProperty [value: 0.5]
11:38:24.285 [FXGL Background Thread 3 ] DEBUG Engine               - height: 600
11:38:24.285 [FXGL Background Thread 3 ] DEBUG Engine               - is3D: false
11:38:24.286 [FXGL Background Thread 3 ] DEBUG Engine               - isAndroid: false
11:38:24.286 [FXGL Background Thread 3 ] DEBUG Engine               - isBrowser: false
11:38:24.286 [FXGL Background Thread 3 ] DEBUG Engine               - isClickFeedbackEnabled: false
11:38:24.287 [FXGL Background Thread 3 ] DEBUG Engine               - isCloseConfirmation: false
11:38:24.287 [FXGL Background Thread 3 ] DEBUG Engine               - isDesktop: true
11:38:24.288 [FXGL Background Thread 3 ] DEBUG Engine               - isDeveloperMenuEnabled: false
11:38:24.289 [FXGL Background Thread 3 ] DEBUG Engine               - isEntityPreloadEnabled: true
11:38:24.289 [FXGL Background Thread 3 ] DEBUG Engine               - isExperimentalTiledLargeMap: false
11:38:24.289 [FXGL Background Thread 3 ] DEBUG Engine               - isFileSystemWriteAllowed: true
11:38:24.290 [FXGL Background Thread 3 ] DEBUG Engine               - isFullScreenAllowed: true
11:38:24.291 [FXGL Background Thread 3 ] DEBUG Engine               - isFullScreenFromStart: false
11:38:24.291 [FXGL Background Thread 3 ] DEBUG Engine               - isGameMenuEnabled: true
11:38:24.292 [FXGL Background Thread 3 ] DEBUG Engine               - isIOS: false
11:38:24.292 [FXGL Background Thread 3 ] DEBUG Engine               - isIntroEnabled: false
11:38:24.293 [FXGL Background Thread 3 ] DEBUG Engine               - isLinux: false
11:38:24.293 [FXGL Background Thread 3 ] DEBUG Engine               - isMac: false
11:38:24.293 [FXGL Background Thread 3 ] DEBUG Engine               - isMainMenuEnabled: false
11:38:24.293 [FXGL Background Thread 3 ] DEBUG Engine               - isManualResizeEnabled: false
11:38:24.294 [FXGL Background Thread 3 ] DEBUG Engine               - isMobile: false
11:38:24.294 [FXGL Background Thread 3 ] DEBUG Engine               - isNative: false
11:38:24.294 [FXGL Background Thread 3 ] DEBUG Engine               - isPauseMusicWhenMinimized: true
11:38:24.294 [FXGL Background Thread 3 ] DEBUG Engine               - isPreserveResizeRatio: false
11:38:24.295 [FXGL Background Thread 3 ] DEBUG Engine               - isProfilingEnabled: false
11:38:24.295 [FXGL Background Thread 3 ] DEBUG Engine               - isScaleAffectedOnResize: true
11:38:24.296 [FXGL Background Thread 3 ] DEBUG Engine               - isSingleStep: false
11:38:24.296 [FXGL Background Thread 3 ] DEBUG Engine               - isUserProfileEnabled: false
11:38:24.296 [FXGL Background Thread 3 ] DEBUG Engine               - isWindows: true
11:38:24.297 [FXGL Background Thread 3 ] DEBUG Engine               - language: ObjectProperty [value: ENGLISH]
11:38:24.297 [FXGL Background Thread 3 ] DEBUG Engine               - menuKey: ESCAPE
11:38:24.297 [FXGL Background Thread 3 ] DEBUG Engine               - mouseSensitivity: 0.2
11:38:24.297 [FXGL Background Thread 3 ] DEBUG Engine               - notificationViewClass: class com.almasb.fxgl.notification.view.XboxNotificationView
11:38:24.298 [FXGL Background Thread 3 ] DEBUG Engine               - pixelsPerMeter: 50.0
11:38:24.298 [FXGL Background Thread 3 ] DEBUG Engine               - platform: WINDOWS
11:38:24.298 [FXGL Background Thread 3 ] DEBUG Engine               - prefHeightProperty: ReadOnlyDoubleProperty [value: 600.0]
11:38:24.298 [FXGL Background Thread 3 ] DEBUG Engine               - prefWidthProperty: ReadOnlyDoubleProperty [value: 800.0]
11:38:24.299 [FXGL Background Thread 3 ] DEBUG Engine               - profileDir: profiles/
11:38:24.300 [FXGL Background Thread 3 ] DEBUG Engine               - profileName: StringProperty [value: DEFAULT]
11:38:24.300 [FXGL Background Thread 3 ] DEBUG Engine               - randomSeed: -1
11:38:24.300 [FXGL Background Thread 3 ] DEBUG Engine               - runtimeInfo: RuntimeInfo(platform=WINDOWS, version=11.17, build=16.07.2021 15.46)
11:38:24.301 [FXGL Background Thread 3 ] DEBUG Engine               - saveFileExt: sav
11:38:24.301 [FXGL Background Thread 3 ] DEBUG Engine               - scaledHeightProp$fxgl: DoubleProperty [bound, value: 600.0]
11:38:24.302 [FXGL Background Thread 3 ] DEBUG Engine               - scaledWidthProp$fxgl: DoubleProperty [bound, value: 800.0]
11:38:24.302 [FXGL Background Thread 3 ] DEBUG Engine               - sceneFactory: com.almasb.fxgl.app.scene.SceneFactory@2ebdc51c
11:38:24.302 [FXGL Background Thread 3 ] DEBUG Engine               - secondsIn24h: 60
11:38:24.303 [FXGL Background Thread 3 ] DEBUG Engine               - soundMenuBack: menu/back.wav
11:38:24.303 [FXGL Background Thread 3 ] DEBUG Engine               - soundMenuPress: menu/press.wav
11:38:24.303 [FXGL Background Thread 3 ] DEBUG Engine               - soundMenuSelect: menu/select.wav
11:38:24.304 [FXGL Background Thread 3 ] DEBUG Engine               - soundNotification: core/notification.wav
11:38:24.304 [FXGL Background Thread 3 ] DEBUG Engine               - stageStyle: DECORATED
11:38:24.304 [FXGL Background Thread 3 ] DEBUG Engine               - supportedLanguages: [ENGLISH, FRENCH, GERMAN, HUNGARIAN, RUSSIAN]
11:38:24.305 [FXGL Background Thread 3 ] DEBUG Engine               - ticksPerSecond: -1
11:38:24.305 [FXGL Background Thread 3 ] DEBUG Engine               - title: Ojakkala Adventure Game
11:38:24.305 [FXGL Background Thread 3 ] DEBUG Engine               - urlGithub: https://github.com/AlmasB/FXGL
11:38:24.306 [FXGL Background Thread 3 ] DEBUG Engine               - urlLeaderboard: http://fxgl-top.herokuapp.com/
11:38:24.306 [FXGL Background Thread 3 ] DEBUG Engine               - urlPOM: https://raw.githubusercontent.com/AlmasB/FXGL/release/README.md
11:38:24.307 [FXGL Background Thread 3 ] DEBUG Engine               - userAppClass: class com.almasb.ojakkala.Adventure
11:38:24.307 [FXGL Background Thread 3 ] DEBUG Engine               - version: 0.0
11:38:24.308 [FXGL Background Thread 3 ] DEBUG Engine               - versionCheckDays: 7
11:38:24.308 [FXGL Background Thread 3 ] DEBUG Engine               - width: 800
11:38:24.308 [FXGL Background Thread 3 ] DEBUG Engine               - Logging services
11:38:24.308 [FXGL Background Thread 3 ] DEBUG Engine               - class com.almasb.fxgl.app.services.FXGLAssetLoaderService
11:38:24.309 [FXGL Background Thread 3 ] DEBUG Engine               - class com.almasb.fxgl.app.FXGLApplication$GameApplicationService
11:38:24.309 [FXGL Background Thread 3 ] DEBUG Engine               - class com.almasb.fxgl.app.services.FXGLDialogService
11:38:24.309 [FXGL Background Thread 3 ] DEBUG Engine               - class com.almasb.fxgl.app.services.IOTaskExecutorService
11:38:24.310 [FXGL Background Thread 3 ] DEBUG Engine               - class com.almasb.fxgl.io.FileSystemService
11:38:24.310 [FXGL Background Thread 3 ] DEBUG Engine               - class com.almasb.fxgl.localization.LocalizationService
11:38:24.310 [FXGL Background Thread 3 ] DEBUG Engine               - class com.almasb.fxgl.app.services.SystemBundleService
11:38:24.310 [FXGL Background Thread 3 ] DEBUG Engine               - class com.almasb.fxgl.profile.SaveLoadService
11:38:24.311 [FXGL Background Thread 3 ] DEBUG Engine               - class com.almasb.fxgl.ui.FXGLUIFactoryServiceProvider
11:38:24.311 [FXGL Background Thread 3 ] DEBUG Engine               - class com.almasb.fxgl.ui.FXGLDialogFactoryServiceProvider
11:38:24.311 [FXGL Background Thread 3 ] DEBUG Engine               - class com.almasb.fxgl.audio.AudioPlayer
11:38:24.312 [FXGL Background Thread 3 ] DEBUG Engine               - class com.almasb.fxgl.notification.impl.NotificationServiceProvider
11:38:24.312 [FXGL Background Thread 3 ] DEBUG Engine               - class com.almasb.fxgl.achievement.AchievementService
11:38:24.312 [FXGL Background Thread 3 ] DEBUG Engine               - class com.almasb.fxgl.cutscene.CutsceneService
11:38:24.313 [FXGL Background Thread 3 ] DEBUG Engine               - class com.almasb.fxgl.minigames.MiniGameService
11:38:24.313 [FXGL Background Thread 3 ] DEBUG Engine               - class com.almasb.fxgl.net.NetService
11:38:24.313 [FXGL Background Thread 3 ] DEBUG Engine               - class com.almasb.fxgl.app.services.UpdaterService
11:38:24.313 [FXGL Background Thread 3 ] DEBUG Engine               - class com.almasb.fxgl.dev.DevService
11:38:31.741 [JavaFX Application Thread] DEBUG FXGLApplication      - Exiting FXGL
11:38:31.742 [JavaFX Application Thread] DEBUG Async                - Shutting down background threads
11:38:31.742 [JavaFX Application Thread] DEBUG PrimaryStageWindow   - Closing main window
11:38:31.767 [JavaFX Application Thread] DEBUG Logger               - Closing Logger
